<?xml version="1.0" encoding="UTF-8"?>
<testng-results ignored="0" total="1" passed="1" failed="0" skipped="0">
  <reporter-output>
  </reporter-output>
  <suite started-at="2023-09-12T09:34:05 IST" name="Default suite" finished-at="2023-09-12T09:34:08 IST" duration-ms="2930">
    <groups>
    </groups>
    <test started-at="2023-09-12T09:34:05 IST" name="Default test" finished-at="2023-09-12T09:34:08 IST" duration-ms="2930">
      <class name="com.testcase.LoginTest">
        <test-method signature="test1()[pri:0, instance:com.testcase.LoginTest@2e55dd0c]" started-at="2023-09-12T09:34:05 IST" name="test1" finished-at="2023-09-12T09:34:08 IST" duration-ms="2869" status="PASS">
          <reporter-output>
          </reporter-output>
        </test-method> <!-- test1 -->
      </class> <!-- com.testcase.LoginTest -->
    </test> <!-- Default test -->
  </suite> <!-- Default suite -->
</testng-results>
